<?xml version="1.0" encoding="UTF-8"?>
<!-- Generated by org.testng.reporters.JUnitReportReporter -->
<testsuite hostname="Madhu" failures="0" tests="1" name="runner.Runner" time="18.089" errors="0" timestamp="2024-01-30T14:56:08 IST" skipped="0">
  <testcase classname="runner.Runner" name="runScenario" time="18.089"/>
</testsuite> <!-- runner.Runner -->
